2025-03-26 14:56:42,630 - __main__ - INFO - Starting Senate stock trading analysis pipeline...
2025-03-26 14:56:42,640 - __main__ - INFO - Starting data collection process...
2025-03-26 14:56:42,641 - __main__ - INFO - Collecting Senate trading data...
2025-03-26 14:57:13,994 - __main__ - INFO - Senate trading data collection completed successfully
2025-03-26 14:57:13,994 - __main__ - INFO - Collecting S&P 500 and industry ETF data...
2025-03-26 14:57:18,011 - __main__ - INFO - Market data collection completed successfully
2025-03-26 14:57:18,012 - __main__ - INFO - Data collection process completed
2025-03-26 14:57:18,012 - __main__ - INFO - Starting analysis process...
2025-03-26 14:57:53,515 - __main__ - ERROR - Performance analysis failed: Command '['/Users/jason/opt/anaconda3/bin/python3', 'analysis/compare_performance.py']' returned non-zero exit status 1.
2025-03-26 14:57:53,515 - __main__ - ERROR - Analysis failed. Aborting pipeline.
2025-03-26 15:03:34,810 - __main__ - INFO - Starting Senate stock trading analysis pipeline...
2025-03-26 15:03:34,899 - __main__ - INFO - Starting data collection process...
2025-03-26 15:03:34,899 - __main__ - INFO - Collecting Senate trading data...
2025-03-26 15:03:52,445 - __main__ - ERROR - Senate trading data collection failed: Command '['/Users/jason/opt/anaconda3/bin/python3', 'scripts/collect_senate_data.py']' returned non-zero exit status 1.
2025-03-26 15:03:52,445 - __main__ - ERROR - Data collection failed. Aborting pipeline.
2025-04-15 13:03:41,435 - __main__ - INFO - Starting Senate stock trading analysis pipeline...
2025-04-15 13:03:41,448 - __main__ - INFO - Starting data collection process...
2025-04-15 13:03:41,448 - __main__ - INFO - Collecting Senate trading data...
2025-04-15 13:04:08,048 - __main__ - INFO - Senate trading data collection completed successfully
2025-04-15 13:04:08,049 - __main__ - INFO - Collecting S&P 500 and industry ETF data...
2025-04-15 13:04:25,023 - __main__ - INFO - Market data collection completed successfully
2025-04-15 13:04:25,023 - __main__ - INFO - Data collection process completed
2025-04-15 13:04:25,023 - __main__ - INFO - Starting analysis process...
2025-04-15 13:04:42,366 - __main__ - INFO - Performance comparison analysis completed successfully
2025-04-15 13:04:42,367 - __main__ - INFO - Analysis process completed
2025-04-15 13:04:42,367 - __main__ - INFO - Launching dashboard...
2025-04-15 13:04:42,372 - __main__ - INFO - Dashboard started successfully (PID: 6556)
2025-04-15 13:04:42,372 - __main__ - INFO - Dashboard is accessible at http://localhost:8050
2025-04-15 13:04:42,372 - __main__ - INFO - Senate stock trading analysis pipeline completed successfully
