2025-03-26 14:57:53,274 - __main__ - INFO - Starting performance comparison analysis...
2025-03-26 14:57:53,274 - __main__ - INFO - Loading processed data...
2025-03-26 14:57:53,275 - __main__ - WARNING - No processed senator trades data found
2025-03-26 15:04:07,639 - __main__ - INFO - Starting performance comparison analysis...
2025-03-26 15:04:07,639 - __main__ - INFO - Loading processed data...
2025-03-26 15:04:07,639 - __main__ - WARNING - No processed senator trades data found
2025-03-26 15:04:07,640 - __main__ - INFO - Creating sample senator trading data
2025-03-26 15:04:07,654 - __main__ - INFO - Sample senator data saved to /Users/jason/Desktop/SI 699 FP/data/processed/processed_trades_sample_2025-03-26.csv
2025-03-26 15:04:07,655 - __main__ - ERROR - Error loading market returns data: No columns to parse from file
2025-03-26 15:04:07,655 - __main__ - INFO - Creating sample market returns data
2025-03-26 15:04:07,657 - __main__ - INFO - Sample market data saved to /Users/jason/Desktop/SI 699 FP/data/processed/market_returns_sample_2025-03-26.csv
2025-03-26 15:04:07,659 - __main__ - INFO - Analyzing senator trading performance...
2025-03-26 15:04:07,684 - __main__ - INFO - Generating visualizations...
2025-03-26 15:04:09,848 - __main__ - INFO - Saving analysis results...
2025-03-26 15:04:09,849 - __main__ - ERROR - Error saving analysis results: Object of type bool_ is not JSON serializable
2025-03-26 15:04:09,854 - __main__ - ERROR - Traceback (most recent call last):
  File "/Users/jason/Desktop/SI 699 FP/analysis/compare_performance.py", line 745, in save_analysis_results
    json.dump(result_copy, f, indent=2)
  File "/Users/jason/opt/anaconda3/lib/python3.9/json/__init__.py", line 179, in dump
    for chunk in iterable:
  File "/Users/jason/opt/anaconda3/lib/python3.9/json/encoder.py", line 431, in _iterencode
    yield from _iterencode_dict(o, _current_indent_level)
  File "/Users/jason/opt/anaconda3/lib/python3.9/json/encoder.py", line 405, in _iterencode_dict
    yield from chunks
  File "/Users/jason/opt/anaconda3/lib/python3.9/json/encoder.py", line 405, in _iterencode_dict
    yield from chunks
  File "/Users/jason/opt/anaconda3/lib/python3.9/json/encoder.py", line 438, in _iterencode
    o = _default(o)
  File "/Users/jason/opt/anaconda3/lib/python3.9/json/encoder.py", line 179, in default
    raise TypeError(f'Object of type {o.__class__.__name__} '
TypeError: Object of type bool_ is not JSON serializable

2025-03-26 15:04:09,854 - __main__ - INFO - Performance comparison analysis complete.
2025-03-26 15:06:09,315 - __main__ - INFO - Starting performance comparison analysis...
2025-03-26 15:06:09,315 - __main__ - INFO - Loading processed data...
2025-03-26 15:06:09,319 - __main__ - INFO - Loaded senator trades data from /Users/jason/Desktop/SI 699 FP/data/processed/processed_trades_sample_2025-03-26.csv
2025-03-26 15:06:09,321 - __main__ - INFO - Loaded market returns data from /Users/jason/Desktop/SI 699 FP/data/processed/market_returns_sample_2025-03-26.csv
2025-03-26 15:06:09,322 - __main__ - INFO - Analyzing senator trading performance...
2025-03-26 15:06:09,352 - __main__ - INFO - Generating visualizations...
2025-03-26 15:06:10,728 - __main__ - INFO - Saving analysis results...
2025-03-26 15:06:10,729 - __main__ - INFO - Analysis results saved to /Users/jason/Desktop/SI 699 FP/analysis/results/analysis_results_20250326_150610.json
2025-03-26 15:06:10,729 - __main__ - INFO - Performance comparison analysis complete.
2025-03-26 15:13:33,940 - __main__ - INFO - Starting performance comparison analysis...
2025-03-26 15:13:33,940 - __main__ - INFO - Loading processed data...
2025-03-26 15:13:33,942 - __main__ - INFO - Loaded senator trades data from /Users/jason/Desktop/SI 699 FP/data/processed/processed_trades_sample_2025-03-26.csv
2025-03-26 15:13:33,944 - __main__ - INFO - Loaded market returns data from /Users/jason/Desktop/SI 699 FP/data/processed/market_returns_sample_2025-03-26.csv
2025-03-26 15:13:33,944 - __main__ - INFO - Analyzing senator trading performance...
2025-03-26 15:13:33,965 - __main__ - INFO - Generating visualizations...
2025-03-26 15:13:35,129 - __main__ - INFO - Saving analysis results...
2025-03-26 15:13:35,130 - __main__ - INFO - Analysis results saved to /Users/jason/Desktop/SI 699 FP/analysis/results/analysis_results_20250326_151335.json
2025-03-26 15:13:35,130 - __main__ - INFO - Performance comparison analysis complete.
2025-03-26 15:14:20,921 - __main__ - INFO - Starting performance comparison analysis...
2025-03-26 15:14:20,921 - __main__ - INFO - Loading processed data...
2025-03-26 15:14:20,948 - __main__ - INFO - Loaded senator trades data from /Users/jason/Desktop/SI 699 FP/data/processed/processed_trades_2025-03-26.csv
2025-03-26 15:14:20,949 - __main__ - INFO - Loaded market returns data from /Users/jason/Desktop/SI 699 FP/data/processed/market_returns_2025-03-26.csv
2025-03-26 15:14:20,950 - __main__ - INFO - Analyzing senator trading performance...
2025-03-26 15:14:21,016 - __main__ - INFO - Generating visualizations...
2025-03-26 15:14:22,230 - __main__ - INFO - Saving analysis results...
2025-03-26 15:14:22,232 - __main__ - INFO - Analysis results saved to /Users/jason/Desktop/SI 699 FP/analysis/results/analysis_results_20250326_151422.json
2025-03-26 15:14:22,232 - __main__ - INFO - Performance comparison analysis complete.
2025-03-26 15:24:21,068 - __main__ - INFO - Starting performance comparison analysis...
2025-03-26 15:24:21,068 - __main__ - INFO - Loading processed data...
2025-03-26 15:24:21,113 - __main__ - INFO - Loaded senator trades data from /Users/jason/Desktop/SI 699 FP/data/processed/processed_trades_2025-03-26.csv
2025-03-26 15:24:21,115 - __main__ - INFO - Loaded market returns data from /Users/jason/Desktop/SI 699 FP/data/processed/market_returns_2025-03-26.csv
2025-03-26 15:24:21,116 - __main__ - INFO - Analyzing senator trading performance...
2025-03-26 15:24:21,118 - __main__ - WARNING - Unrealistic S&P 500 return detected: -100.00%, using 8% instead
2025-03-26 15:24:21,213 - __main__ - INFO - Generating visualizations...
2025-03-26 15:24:22,445 - __main__ - INFO - Saving analysis results...
2025-03-26 15:24:22,446 - __main__ - INFO - Analysis results saved to /Users/jason/Desktop/SI 699 FP/analysis/results/analysis_results_20250326_152422.json
2025-03-26 15:24:22,446 - __main__ - INFO - Performance comparison analysis complete.
2025-04-15 13:04:40,162 - __main__ - INFO - Starting performance comparison analysis...
2025-04-15 13:04:40,163 - __main__ - INFO - Loading processed data...
2025-04-15 13:04:40,210 - __main__ - INFO - Loaded senator trades data from /Users/jason/Desktop/SI 699 FP/data/processed/processed_trades_2025-04-15.csv
2025-04-15 13:04:40,212 - __main__ - INFO - Loaded market returns data from /Users/jason/Desktop/SI 699 FP/data/processed/market_returns_2025-04-15.csv
2025-04-15 13:04:40,213 - __main__ - INFO - Analyzing senator trading performance...
2025-04-15 13:04:40,332 - __main__ - INFO - Generating visualizations...
2025-04-15 13:04:42,119 - __main__ - INFO - Saving analysis results...
2025-04-15 13:04:42,121 - __main__ - INFO - Analysis results saved to /Users/jason/Desktop/SI 699 FP/analysis/results/analysis_results_20250415_130442.json
2025-04-15 13:04:42,121 - __main__ - INFO - Performance comparison analysis complete.
